<?xml version="1.0" encoding="UTF-8"?>
<!-- Generated by org.testng.reporters.JUnitXMLReporter -->
<testsuite ignored="5" hostname="DIPL-RE-LAP433" failures="1" tests="3" name=" DoctorRegistration" time="21.28" errors="0" timestamp="2024-10-09T16:56:30 IST">
  <testcase classname="Livestock_1962Application.Livestock_1962.Registration_Module" name="LaunchUrl" time="2.683"/>
  <testcase classname="Livestock_1962Application.Livestock_1962.Registration_Module" name="LoginDetails" time="10.914"/>
  <testcase classname="Livestock_1962Application.Livestock_1962.Registration_Module" name="DoctorRegistration" time="0.0">
    <failure type="org.testng.TestNGException" message="
Parameter &amp;apos;MobileNumber&amp;apos; is required by @Test on method DoctorRegistration but has not been marked @Optional or defined
in C:\Users\Hariprasad R\eclipse-workspace\Livestock_1962\src\test\resources\TestNG_Annotations\RegistrationModule.xml">
      <![CDATA[org.testng.TestNGException: 
Parameter 'MobileNumber' is required by @Test on method DoctorRegistration but has not been marked @Optional or defined
in C:\Users\Hariprasad R\eclipse-workspace\Livestock_1962\src\test\resources\TestNG_Annotations\RegistrationModule.xml
at java.base/java.util.ArrayList.forEach(ArrayList.java:1597)
... Removed 26 stack frames]]>
    </failure>
  </testcase> <!-- DoctorRegistration -->
  <testcase classname="Livestock_1962Application.Livestock_1962.Registration_Module" name="CampRegistration" time="0.0">
    <ignored/>
  </testcase> <!-- CampRegistration -->
  <testcase classname="Livestock_1962Application.Livestock_1962.Registration_Module" name="HCWRegistration" time="0.0">
    <ignored/>
  </testcase> <!-- HCWRegistration -->
  <testcase classname="Livestock_1962Application.Livestock_1962.Registration_Module" name="DriverRegistration" time="0.0">
    <ignored/>
  </testcase> <!-- DriverRegistration -->
  <testcase classname="Livestock_1962Application.Livestock_1962.Registration_Module" name="VLDAregistration" time="0.0">
    <ignored/>
  </testcase> <!-- VLDAregistration -->
  <testcase classname="Livestock_1962Application.Livestock_1962.Registration_Module" name="HospitalRegistrationScreen" time="0.0">
    <ignored/>
  </testcase> <!-- HospitalRegistrationScreen -->
</testsuite> <!--  DoctorRegistration -->
