<?xml version="1.0" encoding="UTF-8"?>
<!-- Generated by org.testng.reporters.JUnitXMLReporter -->
<testsuite ignored="8" hostname="DIPL-RE-LAP433" failures="0" tests="0" time="0.013" errors="0" timestamp="2024-10-09T16:49:50 IST">
  <testcase classname="Livestock_1962Application.Livestock_1962.Registration_Module" name="CampRegistration" time="0.0">
    <ignored/>
  </testcase> <!-- CampRegistration -->
  <testcase classname="Livestock_1962Application.Livestock_1962.Registration_Module" name="HCWRegistration" time="0.0">
    <ignored/>
  </testcase> <!-- HCWRegistration -->
  <testcase classname="Livestock_1962Application.Livestock_1962.Registration_Module" name="LoginDetails" time="0.0">
    <ignored/>
  </testcase> <!-- LoginDetails -->
  <testcase classname="Livestock_1962Application.Livestock_1962.Registration_Module" name="DoctorRegistration" time="0.0">
    <ignored/>
  </testcase> <!-- DoctorRegistration -->
  <testcase classname="Livestock_1962Application.Livestock_1962.Registration_Module" name="DriverRegistration" time="0.0">
    <ignored/>
  </testcase> <!-- DriverRegistration -->
  <testcase classname="Livestock_1962Application.Livestock_1962.Registration_Module" name="VLDAregistration" time="0.0">
    <ignored/>
  </testcase> <!-- VLDAregistration -->
  <testcase classname="Livestock_1962Application.Livestock_1962.Registration_Module" name="HospitalRegistrationScreen" time="0.0">
    <ignored/>
  </testcase> <!-- HospitalRegistrationScreen -->
  <testcase classname="Livestock_1962Application.Livestock_1962.Registration_Module" name="LaunchUrl" time="0.0">
    <ignored/>
  </testcase> <!-- LaunchUrl -->
</testsuite>
